<?xml version="1.0" encoding="UTF-8"?>
<!-- Generated by org.testng.reporters.JUnitReportReporter -->
<testsuite hostname="DESKTOP-FK3HPDT" failures="0" tests="1" name="Test.LoginTest" time="132.103" errors="0" timestamp="2023-07-06T22:00:51 IST" skipped="0">
  <testcase classname="Test.LoginTest" name="testing" time="132.103"/>
  <system-out/>
</testsuite> <!-- Test.LoginTest -->
